<?xml version="1.0" encoding="UTF-8"?>
<!-- Generated by org.testng.reporters.JUnitReportReporter -->
<testsuite hostname="RamanujamJ" failures="0" tests="1" name="testMfa.LockAuthentication" time="14.090" errors="0" timestamp="2024-07-08T19:59:34 IST" skipped="0">
  <testcase classname="testMfa.LockAuthentication" name="test1" time="14.090"/>
</testsuite> <!-- testMfa.LockAuthentication -->
